{"logTime": "1201/194856", "correlationVector":"Y+JBwkKpwhf8BhMKw1QVHR.1","action":"SyncServerConnectionManagerRequest", "result":"SYNC_SERVER_OK", "context":{"environment":"Prod_WestEurope_000l", "migrationStage":"NotStarted", "server":"GENERAL0100001K"}}
{"logTime": "1201/194857", "correlationVector":"fpKQ/FsqHVeZLwoGWMzpF5","action":"SyncServerConnectionManagerRequest", "result":"SYNC_SERVER_OK", "context":{"environment":"", "migrationStage":"", "server":""}}
{"logTime": "1201/194857", "correlationVector":"Y+JBwkKpwhf8BhMKw1QVHR","action":"Initial GetUpdates", "result":"", "context":Reason: NEW_CLIENT. cV=Y+JBwkKpwhf8BhMKw1QVHR}
{"logTime": "1201/194857", "correlationVector":"Y+JBwkKpwhf8BhMKw1QVHR.2","action":"GetUpdates Response", "result":"Success", "context":Received 1 update(s). cV=Y+JBwkKpwhf8BhMKw1QVHR.0;server=GENERAL0100001K;cloudType=Consumer;environment=Prod_WestEurope_000l;migrationStage=NotStarted}
{"logTime": "1201/194857", "correlationVector":"x/z/ASri0XpfT3o7HSvaB/","action":"Initial GetUpdates", "result":"", "context":Reason: NEWLY_SUPPORTED_DATATYPE. cV=x/z/ASri0XpfT3o7HSvaB/}
{"logTime": "1201/194857", "correlationVector":"x/z/ASri0XpfT3o7HSvaB/.1","action":"SyncServerConnectionManagerRequest", "result":"SYNC_SERVER_OK", "context":{"environment":"Prod_WestEurope_000l", "migrationStage":"NotStarted", "server":"GENERAL0100001K"}}
{"logTime": "1201/194857", "correlationVector":"x/z/ASri0XpfT3o7HSvaB/.2","action":"GetUpdates", "result":"DeleteReceived", "context":{"id":"66f7faef-8e61-4515-984d-355074c33069", "isDeleted:":"true", "version":"1731745062092"}}
{"logTime": "1201/194857", "correlationVector":"x/z/ASri0XpfT3o7HSvaB/.3","action":"GetUpdates", "result":"DeleteReceived", "context":{"id":"aa279d56-c286-4bc0-8d24-5c84ecfaad01", "isDeleted:":"true", "version":"1731746142616"}}
{"logTime": "1201/194857", "correlationVector":"x/z/ASri0XpfT3o7HSvaB/.4","action":"GetUpdates", "result":"DeleteReceived", "context":{"id":"6eab8c99-e77c-4512-855f-ffc1d89e9a23", "isDeleted:":"true", "version":"1731829046366"}}
{"logTime": "1201/194857", "correlationVector":"x/z/ASri0XpfT3o7HSvaB/.5","action":"GetUpdates", "result":"DeleteReceived", "context":{"id":"3e1dfbb8-4f2d-4d55-9fac-8ac4cbf11fcf", "isDeleted:":"true", "version":"1732728911992"}}
{"logTime": "1201/194857", "correlationVector":"x/z/ASri0XpfT3o7HSvaB/.6","action":"GetUpdates Response", "result":"Success", "context":Received 250 update(s). cV=x/z/ASri0XpfT3o7HSvaB/.0;server=GENERAL0100001K;cloudType=Consumer;environment=Prod_WestEurope_000l;migrationStage=NotStarted Some updates remain.}
{"logTime": "1201/194857", "correlationVector":"Wn0UYywByuvhmrog98p6J+","action":"Initial GetUpdates", "result":"", "context":Reason: NEWLY_SUPPORTED_DATATYPE. cV=Wn0UYywByuvhmrog98p6J+}
{"logTime": "1201/194858", "correlationVector":"Wn0UYywByuvhmrog98p6J+.1","action":"SyncServerConnectionManagerRequest", "result":"SYNC_SERVER_OK", "context":{"environment":"Prod_WestEurope_000l", "migrationStage":"NotStarted", "server":"GENERAL01000017"}}
{"logTime": "1201/194858", "correlationVector":"Wn0UYywByuvhmrog98p6J+.2","action":"GetUpdates", "result":"DeleteReceived", "context":{"id":"8a8e4c69-2ef1-4abd-8375-917cb904df4d", "isDeleted:":"true", "version":"1733064930028"}}
{"logTime": "1201/194858", "correlationVector":"Wn0UYywByuvhmrog98p6J+.3","action":"GetUpdates Response", "result":"Success", "context":Received 55 update(s). cV=Wn0UYywByuvhmrog98p6J+.0;server=GENERAL01000017;cloudType=Consumer;environment=Prod_WestEurope_000l;migrationStage=NotStarted}
{"logTime": "1201/194858", "correlationVector":"ya0uFKHRsL4JetXIFXWGbc","action":"Initial GetUpdates", "result":"", "context":Reason: NEWLY_SUPPORTED_DATATYPE. cV=ya0uFKHRsL4JetXIFXWGbc}
{"logTime": "1201/194858", "correlationVector":"ya0uFKHRsL4JetXIFXWGbc.1","action":"SyncServerConnectionManagerRequest", "result":"SYNC_SERVER_OK", "context":{"environment":"Prod_WestEurope_000l", "migrationStage":"NotStarted", "server":"general0100000Y"}}
{"logTime": "1201/194858", "correlationVector":"ya0uFKHRsL4JetXIFXWGbc.2","action":"GetUpdates Response", "result":"Success", "context":Received 103 update(s). cV=ya0uFKHRsL4JetXIFXWGbc.0;server=general0100000Y;cloudType=Consumer;environment=Prod_WestEurope_000l;migrationStage=NotStarted}
{"logTime": "1201/194858", "correlationVector":"c+y8IYTQticHRYYAPujkuf","action":"Initial GetUpdates", "result":"", "context":Reason: NEWLY_SUPPORTED_DATATYPE. cV=c+y8IYTQticHRYYAPujkuf}
{"logTime": "1201/194859", "correlationVector":"c+y8IYTQticHRYYAPujkuf.1","action":"SyncServerConnectionManagerRequest", "result":"SYNC_SERVER_OK", "context":{"environment":"Prod_WestEurope_000l", "migrationStage":"NotStarted", "server":"GENERAL01000003"}}
{"logTime": "1201/194859", "correlationVector":"c+y8IYTQticHRYYAPujkuf.2","action":"GetUpdates", "result":"DeleteReceived", "context":{"id":"4679c65f-16b8-4328-8add-a6b75049c539", "isDeleted:":"true", "version":"1725527691232"}}
{"logTime": "1201/194859", "correlationVector":"c+y8IYTQticHRYYAPujkuf.3","action":"GetUpdates", "result":"DeleteReceived", "context":{"id":"41226a20-d5fb-4747-852e-ede2660f37c1", "isDeleted:":"true", "version":"1725528351518"}}
{"logTime": "1201/194859", "correlationVector":"c+y8IYTQticHRYYAPujkuf.4","action":"GetUpdates", "result":"DeleteReceived", "context":{"id":"bd48404b-3a20-4458-988b-2b6473f30e6b", "isDeleted:":"true", "version":"1725528351519"}}
{"logTime": "1201/194859", "correlationVector":"c+y8IYTQticHRYYAPujkuf.5","action":"GetUpdates", "result":"DeleteReceived", "context":{"id":"1873ceea-d8a6-4b8e-94e9-bcf4235a37a0", "isDeleted:":"true", "version":"1726229186497"}}
{"logTime": "1201/194859", "correlationVector":"c+y8IYTQticHRYYAPujkuf.6","action":"GetUpdates", "result":"DeleteReceived", "context":{"id":"efd23b3d-65d7-4c87-9d1c-5daa2232cf3e", "isDeleted:":"true", "version":"1726229186498"}}
{"logTime": "1201/194859", "correlationVector":"c+y8IYTQticHRYYAPujkuf.7","action":"GetUpdates", "result":"DeleteReceived", "context":{"id":"c2d81e45-d98e-41a5-a9a3-d8398d277fe4", "isDeleted:":"true", "version":"1726336329691"}}
{"logTime": "1201/194859", "correlationVector":"c+y8IYTQticHRYYAPujkuf.8","action":"GetUpdates", "result":"DeleteReceived", "context":{"id":"caa0a748-8ab7-43db-83e7-6c9a9d62b3e8", "isDeleted:":"true", "version":"1731744766987"}}
{"logTime": "1201/194859", "correlationVector":"c+y8IYTQticHRYYAPujkuf.9","action":"GetUpdates", "result":"DeleteReceived", "context":{"id":"9ec527fc-8060-44ee-99b4-ad29838fd98d", "isDeleted:":"true", "version":"1731745937087"}}
{"logTime": "1201/194859", "correlationVector":"c+y8IYTQticHRYYAPujkuf.10","action":"GetUpdates", "result":"DeleteReceived", "context":{"id":"1517f4b6-fb09-41b4-baec-fdd9a13da74b", "isDeleted:":"true", "version":"1731828957605"}}
{"logTime": "1201/194859", "correlationVector":"c+y8IYTQticHRYYAPujkuf.11","action":"GetUpdates", "result":"DeleteReceived", "context":{"id":"c9d442c5-45d7-4acf-a871-e184702c72b1", "isDeleted:":"true", "version":"1732713474693"}}
{"logTime": "1201/194859", "correlationVector":"c+y8IYTQticHRYYAPujkuf.12","action":"GetUpdates", "result":"DeleteReceived", "context":{"id":"507a10f6-2780-4f56-a654-d0ea37bf4ed0", "isDeleted:":"true", "version":"1732713474694"}}
{"logTime": "1201/194859", "correlationVector":"c+y8IYTQticHRYYAPujkuf.13","action":"GetUpdates", "result":"DeleteReceived", "context":{"id":"eefd6a56-805d-4192-8d18-d09a209e7a58", "isDeleted:":"true", "version":"1732727609129"}}
{"logTime": "1201/194859", "correlationVector":"c+y8IYTQticHRYYAPujkuf.14","action":"GetUpdates", "result":"DeleteReceived", "context":{"id":"08ef9c33-4cde-4c79-8f5a-fd4ceb0d1dae", "isDeleted:":"true", "version":"1732729219614"}}
{"logTime": "1201/194859", "correlationVector":"c+y8IYTQticHRYYAPujkuf.15","action":"GetUpdates", "result":"DeleteReceived", "context":{"id":"340f2b0f-6e62-4a06-92f5-df07fb7db0e4", "isDeleted:":"true", "version":"1732773983975"}}
{"logTime": "1201/194859", "correlationVector":"c+y8IYTQticHRYYAPujkuf.16","action":"GetUpdates", "result":"DeleteReceived", "context":{"id":"557e6ce9-7c7d-4545-95f4-c3e3aea5bfa5", "isDeleted:":"true", "version":"1733002713970"}}
{"logTime": "1201/194859", "correlationVector":"c+y8IYTQticHRYYAPujkuf.17","action":"GetUpdates", "result":"DeleteReceived", "context":{"id":"9d438bac-ad91-4032-b562-06ec9b4a76f9", "isDeleted:":"true", "version":"1733002713971"}}
{"logTime": "1201/194859", "correlationVector":"c+y8IYTQticHRYYAPujkuf.18","action":"GetUpdates", "result":"DeleteReceived", "context":{"id":"19f656a0-efe4-45eb-a756-e41b2dc7df42", "isDeleted:":"true", "version":"1733002713972"}}
{"logTime": "1201/194859", "correlationVector":"c+y8IYTQticHRYYAPujkuf.19","action":"GetUpdates", "result":"DeleteReceived", "context":{"id":"8ba12f1b-766f-40e6-9449-9fb967f072e6", "isDeleted:":"true", "version":"1733002713973"}}
{"logTime": "1201/194859", "correlationVector":"c+y8IYTQticHRYYAPujkuf.20","action":"GetUpdates", "result":"DeleteReceived", "context":{"id":"97cb585f-029d-4d1a-b96c-466d91133033", "isDeleted:":"true", "version":"1733002713974"}}
{"logTime": "1201/194859", "correlationVector":"c+y8IYTQticHRYYAPujkuf.21","action":"GetUpdates", "result":"DeleteReceived", "context":{"id":"144edb55-d523-4542-a688-20f18c272c2a", "isDeleted:":"true", "version":"1733002713975"}}
{"logTime": "1201/194859", "correlationVector":"c+y8IYTQticHRYYAPujkuf.22","action":"GetUpdates", "result":"DeleteReceived", "context":{"id":"8769f52d-34b3-4089-b37b-6126493f1b9a", "isDeleted:":"true", "version":"1733002713976"}}
{"logTime": "1201/194859", "correlationVector":"c+y8IYTQticHRYYAPujkuf.23","action":"GetUpdates", "result":"DeleteReceived", "context":{"id":"a4fe5ca3-97b8-460f-aa2c-2a241745299c", "isDeleted:":"true", "version":"1733002713977"}}
{"logTime": "1201/194859", "correlationVector":"c+y8IYTQticHRYYAPujkuf.24","action":"GetUpdates", "result":"DeleteReceived", "context":{"id":"adba6a87-0884-4307-96c3-3c5ee5775696", "isDeleted:":"true", "version":"1733002713978"}}
{"logTime": "1201/194859", "correlationVector":"c+y8IYTQticHRYYAPujkuf.25","action":"GetUpdates", "result":"DeleteReceived", "context":{"id":"a9e55186-0b88-42a6-9d9f-748465cbedf5", "isDeleted:":"true", "version":"1733002713979"}}
{"logTime": "1201/194859", "correlationVector":"c+y8IYTQticHRYYAPujkuf.26","action":"GetUpdates", "result":"DeleteReceived", "context":{"id":"7984a787-50a1-48e5-8dc6-e3a848e9be93", "isDeleted:":"true", "version":"1733002713980"}}
{"logTime": "1201/194859", "correlationVector":"c+y8IYTQticHRYYAPujkuf.27","action":"GetUpdates", "result":"DeleteReceived", "context":{"id":"6e6a0771-fbf9-44ff-930c-8b1a2288065f", "isDeleted:":"true", "version":"1733002713981"}}
{"logTime": "1201/194859", "correlationVector":"c+y8IYTQticHRYYAPujkuf.28","action":"GetUpdates", "result":"DeleteReceived", "context":{"id":"ead44a34-7be0-4c93-8777-35baea797fd2", "isDeleted:":"true", "version":"1733002713982"}}
{"logTime": "1201/194859", "correlationVector":"c+y8IYTQticHRYYAPujkuf.29","action":"GetUpdates", "result":"DeleteReceived", "context":{"id":"8e8ee613-5555-4939-b4b1-fb3950f160b2", "isDeleted:":"true", "version":"1733002713983"}}
{"logTime": "1201/194859", "correlationVector":"c+y8IYTQticHRYYAPujkuf.30","action":"GetUpdates", "result":"DeleteReceived", "context":{"id":"46ae7d1e-3546-42d7-bfb5-6e2df294c2f3", "isDeleted:":"true", "version":"1733002713984"}}
{"logTime": "1201/194859", "correlationVector":"c+y8IYTQticHRYYAPujkuf.31","action":"GetUpdates", "result":"DeleteReceived", "context":{"id":"ab2e0430-5892-42a9-bd3c-3d076f19737c", "isDeleted:":"true", "version":"1733002713985"}}
{"logTime": "1201/194859", "correlationVector":"c+y8IYTQticHRYYAPujkuf.32","action":"GetUpdates", "result":"DeleteReceived", "context":{"id":"36ebdffa-a91a-4c0b-b8c1-a595e72b3c7d", "isDeleted:":"true", "version":"1733002713986"}}
{"logTime": "1201/194859", "correlationVector":"c+y8IYTQticHRYYAPujkuf.33","action":"GetUpdates", "result":"DeleteReceived", "context":{"id":"8bdf44c8-fc5b-40d0-98cc-267e18924f48", "isDeleted:":"true", "version":"1733002713987"}}
{"logTime": "1201/194859", "correlationVector":"c+y8IYTQticHRYYAPujkuf.34","action":"GetUpdates", "result":"DeleteReceived", "context":{"id":"ec39c044-f5d0-4d27-ad16-9a436665cb6d", "isDeleted:":"true", "version":"1733002713988"}}
{"logTime": "1201/194859", "correlationVector":"c+y8IYTQticHRYYAPujkuf.35","action":"GetUpdates", "result":"DeleteReceived", "context":{"id":"edd37933-f8ae-44fd-8ddc-001f16904ed6", "isDeleted:":"true", "version":"1733002713989"}}
{"logTime": "1201/194859", "correlationVector":"c+y8IYTQticHRYYAPujkuf.36","action":"GetUpdates", "result":"DeleteReceived", "context":{"id":"b24133a7-d643-424b-b8af-7213d0198205", "isDeleted:":"true", "version":"1733002713990"}}
{"logTime": "1201/194859", "correlationVector":"c+y8IYTQticHRYYAPujkuf.37","action":"GetUpdates", "result":"DeleteReceived", "context":{"id":"5c7a9a75-e07a-4b4e-9197-bb1d87766474", "isDeleted:":"true", "version":"1733002713991"}}
{"logTime": "1201/194859", "correlationVector":"c+y8IYTQticHRYYAPujkuf.38","action":"GetUpdates", "result":"DeleteReceived", "context":{"id":"f5f38281-61fb-4dfa-9ba6-26b9b33e42a0", "isDeleted:":"true", "version":"1733002713992"}}
{"logTime": "1201/194859", "correlationVector":"c+y8IYTQticHRYYAPujkuf.39","action":"GetUpdates", "result":"DeleteReceived", "context":{"id":"2eb50c6c-289b-4532-b523-3ca52fde7da9", "isDeleted:":"true", "version":"1733002713993"}}
{"logTime": "1201/194859", "correlationVector":"c+y8IYTQticHRYYAPujkuf.40","action":"GetUpdates", "result":"DeleteReceived", "context":{"id":"4785a704-b480-4691-8ff2-23891d6fee60", "isDeleted:":"true", "version":"1733002713994"}}
{"logTime": "1201/194859", "correlationVector":"c+y8IYTQticHRYYAPujkuf.41","action":"GetUpdates", "result":"DeleteReceived", "context":{"id":"ed00f698-d7f4-4b5f-abd0-fa02c19e760b", "isDeleted:":"true", "version":"1733002713995"}}
{"logTime": "1201/194859", "correlationVector":"c+y8IYTQticHRYYAPujkuf.42","action":"GetUpdates", "result":"DeleteReceived", "context":{"id":"9566e5db-798a-486a-aee3-08e49fa87ed2", "isDeleted:":"true", "version":"1733002713996"}}
{"logTime": "1201/194859", "correlationVector":"c+y8IYTQticHRYYAPujkuf.43","action":"GetUpdates", "result":"DeleteReceived", "context":{"id":"47674bf0-f9d5-4ffb-af70-50db083ba8eb", "isDeleted:":"true", "version":"1733002713997"}}
{"logTime": "1201/194859", "correlationVector":"c+y8IYTQticHRYYAPujkuf.44","action":"GetUpdates", "result":"DeleteReceived", "context":{"id":"5775eac0-bf30-42a0-a770-200e5cc2e0a4", "isDeleted:":"true", "version":"1733002713998"}}
{"logTime": "1201/194859", "correlationVector":"c+y8IYTQticHRYYAPujkuf.45","action":"GetUpdates", "result":"DeleteReceived", "context":{"id":"41ca93ec-6b86-4372-95db-f52d3d21f3ff", "isDeleted:":"true", "version":"1733002713999"}}
{"logTime": "1201/194859", "correlationVector":"c+y8IYTQticHRYYAPujkuf.46","action":"GetUpdates", "result":"DeleteReceived", "context":{"id":"9f932b48-da3d-41d5-ae26-bc77ff358b7b", "isDeleted:":"true", "version":"1733002714000"}}
{"logTime": "1201/194859", "correlationVector":"c+y8IYTQticHRYYAPujkuf.47","action":"GetUpdates", "result":"DeleteReceived", "context":{"id":"c58e0285-52d8-444e-b527-bf9a59b9e98d", "isDeleted:":"true", "version":"1733002714001"}}
{"logTime": "1201/194859", "correlationVector":"c+y8IYTQticHRYYAPujkuf.48","action":"GetUpdates", "result":"DeleteReceived", "context":{"id":"b0d665ff-2999-48c7-a727-a385950512b9", "isDeleted:":"true", "version":"1733002714002"}}
{"logTime": "1201/194859", "correlationVector":"c+y8IYTQticHRYYAPujkuf.49","action":"GetUpdates", "result":"DeleteReceived", "context":{"id":"aca56251-87c4-4d45-a470-e29f676f184b", "isDeleted:":"true", "version":"1733002714003"}}
{"logTime": "1201/194859", "correlationVector":"c+y8IYTQticHRYYAPujkuf.50","action":"GetUpdates", "result":"DeleteReceived", "context":{"id":"b107a179-5ec9-4fef-a4ed-ca2419b6c4f8", "isDeleted:":"true", "version":"1733002714004"}}
{"logTime": "1201/194859", "correlationVector":"c+y8IYTQticHRYYAPujkuf.51","action":"GetUpdates", "result":"DeleteReceived", "context":{"id":"680a7ae5-3a42-4e13-8683-21c2e1e46f14", "isDeleted:":"true", "version":"1733002714005"}}
{"logTime": "1201/194859", "correlationVector":"c+y8IYTQticHRYYAPujkuf.52","action":"GetUpdates", "result":"DeleteReceived", "context":{"id":"004e2204-4963-42b4-a047-c43c39ca8a5b", "isDeleted:":"true", "version":"1733002714006"}}
{"logTime": "1201/194859", "correlationVector":"c+y8IYTQticHRYYAPujkuf.53","action":"GetUpdates", "result":"DeleteReceived", "context":{"id":"39803d24-af91-4524-8c73-cda4495b0567", "isDeleted:":"true", "version":"1733002714007"}}
{"logTime": "1201/194859", "correlationVector":"c+y8IYTQticHRYYAPujkuf.54","action":"GetUpdates", "result":"DeleteReceived", "context":{"id":"7eef41a9-dbf8-4f64-b10e-09ca59cc7327", "isDeleted:":"true", "version":"1733002714008"}}
{"logTime": "1201/194859", "correlationVector":"c+y8IYTQticHRYYAPujkuf.55","action":"GetUpdates", "result":"DeleteReceived", "context":{"id":"149e62d4-6568-4dec-b473-26ccfb2785f2", "isDeleted:":"true", "version":"1733002715776"}}
{"logTime": "1201/194859", "correlationVector":"c+y8IYTQticHRYYAPujkuf.56","action":"GetUpdates", "result":"DeleteReceived", "context":{"id":"64d0c5d0-143c-4507-9fd3-d7af4fc38a9c", "isDeleted:":"true", "version":"1733002715777"}}
{"logTime": "1201/194859", "correlationVector":"c+y8IYTQticHRYYAPujkuf.57","action":"GetUpdates", "result":"DeleteReceived", "context":{"id":"c78e470b-2247-4de8-8196-f23e62a043ea", "isDeleted:":"true", "version":"1733002715778"}}
{"logTime": "1201/194859", "correlationVector":"c+y8IYTQticHRYYAPujkuf.58","action":"GetUpdates", "result":"DeleteReceived", "context":{"id":"68cc06f4-5b47-46e8-b45f-124ca7da8d59", "isDeleted:":"true", "version":"1733002715779"}}
{"logTime": "1201/194859", "correlationVector":"c+y8IYTQticHRYYAPujkuf.59","action":"GetUpdates", "result":"DeleteReceived", "context":{"id":"f49fa443-ade5-40ec-beae-fb5546b8c63d", "isDeleted:":"true", "version":"1733002715780"}}
{"logTime": "1201/194859", "correlationVector":"c+y8IYTQticHRYYAPujkuf.60","action":"GetUpdates", "result":"DeleteReceived", "context":{"id":"290884dc-0c43-45d4-bc97-045498f78b07", "isDeleted:":"true", "version":"1733002715781"}}
{"logTime": "1201/194859", "correlationVector":"c+y8IYTQticHRYYAPujkuf.61","action":"GetUpdates", "result":"DeleteReceived", "context":{"id":"26aa80dd-dbf9-406d-9586-c70b4f285358", "isDeleted:":"true", "version":"1733002715782"}}
{"logTime": "1201/194859", "correlationVector":"c+y8IYTQticHRYYAPujkuf.62","action":"GetUpdates", "result":"DeleteReceived", "context":{"id":"f5c68ccc-1e14-4fc1-887d-064764c8156e", "isDeleted:":"true", "version":"1733002715783"}}
{"logTime": "1201/194859", "correlationVector":"c+y8IYTQticHRYYAPujkuf.63","action":"GetUpdates Response", "result":"Success", "context":Received 250 update(s). cV=c+y8IYTQticHRYYAPujkuf.0;server=GENERAL01000003;cloudType=Consumer;environment=Prod_WestEurope_000l;migrationStage=NotStarted Some updates remain.}
{"logTime": "1201/194859", "correlationVector":"pbO5AelTCchDatSndWUUAU","action":"Initial GetUpdates", "result":"", "context":Reason: NEWLY_SUPPORTED_DATATYPE. cV=pbO5AelTCchDatSndWUUAU}
{"logTime": "1201/194859", "correlationVector":"pbO5AelTCchDatSndWUUAU.1","action":"SyncServerConnectionManagerRequest", "result":"SYNC_SERVER_OK", "context":{"environment":"Prod_WestEurope_000l", "migrationStage":"NotStarted", "server":"GENERAL0100000O"}}
{"logTime": "1201/194859", "correlationVector":"pbO5AelTCchDatSndWUUAU.2","action":"GetUpdates", "result":"DeleteReceived", "context":{"id":"e9f0a66c-f84b-4ea1-9ee4-a203249f8310", "isDeleted:":"true", "version":"1733002715784"}}
{"logTime": "1201/194859", "correlationVector":"pbO5AelTCchDatSndWUUAU.3","action":"GetUpdates", "result":"DeleteReceived", "context":{"id":"9ec473e2-4eaa-4862-8468-15825001ca9b", "isDeleted:":"true", "version":"1733002715785"}}
{"logTime": "1201/194859", "correlationVector":"pbO5AelTCchDatSndWUUAU.4","action":"GetUpdates", "result":"DeleteReceived", "context":{"id":"80372ef8-0cd8-4297-898a-2e22384319a1", "isDeleted:":"true", "version":"1733002715786"}}
{"logTime": "1201/194859", "correlationVector":"pbO5AelTCchDatSndWUUAU.5","action":"GetUpdates", "result":"DeleteReceived", "context":{"id":"c62e1a89-6046-4758-a52e-63285bf926c9", "isDeleted:":"true", "version":"1733002715787"}}
{"logTime": "1201/194859", "correlationVector":"pbO5AelTCchDatSndWUUAU.6","action":"GetUpdates", "result":"DeleteReceived", "context":{"id":"8a7df959-8927-46df-ab7e-9b3cfb68d1ce", "isDeleted:":"true", "version":"1733002715788"}}
{"logTime": "1201/194859", "correlationVector":"pbO5AelTCchDatSndWUUAU.7","action":"GetUpdates", "result":"DeleteReceived", "context":{"id":"9c3171a9-6e0e-46f3-8557-84580e36d42d", "isDeleted:":"true", "version":"1733002715789"}}
{"logTime": "1201/194859", "correlationVector":"pbO5AelTCchDatSndWUUAU.8","action":"GetUpdates", "result":"DeleteReceived", "context":{"id":"55c3b60c-7f3e-49cb-aea2-686e9c5e7c47", "isDeleted:":"true", "version":"1733002715790"}}
{"logTime": "1201/194859", "correlationVector":"pbO5AelTCchDatSndWUUAU.9","action":"GetUpdates", "result":"DeleteReceived", "context":{"id":"2fed75e4-0cc4-4321-bd15-2f3983620655", "isDeleted:":"true", "version":"1733002715792"}}
{"logTime": "1201/194859", "correlationVector":"pbO5AelTCchDatSndWUUAU.10","action":"GetUpdates", "result":"DeleteReceived", "context":{"id":"68a10409-e8bf-4326-a3d7-0889539cd1a2", "isDeleted:":"true", "version":"1733002715793"}}
{"logTime": "1201/194859", "correlationVector":"pbO5AelTCchDatSndWUUAU.11","action":"GetUpdates", "result":"DeleteReceived", "context":{"id":"f219fb3e-dca2-4d6b-ae92-c72fc043769a", "isDeleted:":"true", "version":"1733002715794"}}
{"logTime": "1201/194859", "correlationVector":"pbO5AelTCchDatSndWUUAU.12","action":"GetUpdates", "result":"DeleteReceived", "context":{"id":"ee3336f8-6bbe-4f38-b1d7-1f470cf710ba", "isDeleted:":"true", "version":"1733002715795"}}
{"logTime": "1201/194859", "correlationVector":"pbO5AelTCchDatSndWUUAU.13","action":"GetUpdates", "result":"DeleteReceived", "context":{"id":"cdffc3f7-3367-4119-9a6a-0abe214d830f", "isDeleted:":"true", "version":"1733002715796"}}
{"logTime": "1201/194859", "correlationVector":"pbO5AelTCchDatSndWUUAU.14","action":"GetUpdates", "result":"DeleteReceived", "context":{"id":"19062acf-b582-41f5-84ac-5ae31cb302f9", "isDeleted:":"true", "version":"1733002715797"}}
{"logTime": "1201/194859", "correlationVector":"pbO5AelTCchDatSndWUUAU.15","action":"GetUpdates", "result":"DeleteReceived", "context":{"id":"c84145f5-2196-4fed-add1-10edd9266c18", "isDeleted:":"true", "version":"1733002715798"}}
{"logTime": "1201/194859", "correlationVector":"pbO5AelTCchDatSndWUUAU.16","action":"GetUpdates", "result":"DeleteReceived", "context":{"id":"64fe848d-7ab1-4a75-86b9-fedfaee84753", "isDeleted:":"true", "version":"1733002715799"}}
{"logTime": "1201/194859", "correlationVector":"pbO5AelTCchDatSndWUUAU.17","action":"GetUpdates", "result":"DeleteReceived", "context":{"id":"054357f2-6aa8-4349-821e-a14785f534e5", "isDeleted:":"true", "version":"1733002715800"}}
{"logTime": "1201/194859", "correlationVector":"pbO5AelTCchDatSndWUUAU.18","action":"GetUpdates", "result":"DeleteReceived", "context":{"id":"88492bed-24bb-42ce-8cac-dbc65cb53828", "isDeleted:":"true", "version":"1733002715801"}}
{"logTime": "1201/194859", "correlationVector":"pbO5AelTCchDatSndWUUAU.19","action":"GetUpdates", "result":"DeleteReceived", "context":{"id":"f11f3c70-9a72-435c-90f2-ad132d282639", "isDeleted:":"true", "version":"1733002715802"}}
{"logTime": "1201/194859", "correlationVector":"pbO5AelTCchDatSndWUUAU.20","action":"GetUpdates", "result":"DeleteReceived", "context":{"id":"ea9c6149-7b6b-47d0-943c-0ca251f9edae", "isDeleted:":"true", "version":"1733002715803"}}
{"logTime": "1201/194859", "correlationVector":"pbO5AelTCchDatSndWUUAU.21","action":"GetUpdates", "result":"DeleteReceived", "context":{"id":"dc2e5dc7-a24e-4132-bb18-76c0c6f80bd9", "isDeleted:":"true", "version":"1733002715804"}}
{"logTime": "1201/194859", "correlationVector":"pbO5AelTCchDatSndWUUAU.22","action":"GetUpdates", "result":"DeleteReceived", "context":{"id":"2b4db390-47ad-48bc-bf4a-c5f5d5b7d932", "isDeleted:":"true", "version":"1733002715805"}}
{"logTime": "1201/194859", "correlationVector":"pbO5AelTCchDatSndWUUAU.23","action":"GetUpdates", "result":"DeleteReceived", "context":{"id":"282f0e81-3f13-4d77-92ef-2c8264563f81", "isDeleted:":"true", "version":"1733002715806"}}
{"logTime": "1201/194859", "correlationVector":"pbO5AelTCchDatSndWUUAU.24","action":"GetUpdates", "result":"DeleteReceived", "context":{"id":"b7b4a4c4-0f7d-46cc-81f8-5e221cf4d4fb", "isDeleted:":"true", "version":"1733002715807"}}
{"logTime": "1201/194859", "correlationVector":"pbO5AelTCchDatSndWUUAU.25","action":"GetUpdates", "result":"DeleteReceived", "context":{"id":"66680e5c-549c-4065-83fc-585c0cb278ba", "isDeleted:":"true", "version":"1733002715808"}}
{"logTime": "1201/194859", "correlationVector":"pbO5AelTCchDatSndWUUAU.26","action":"GetUpdates", "result":"DeleteReceived", "context":{"id":"0c062cf4-fccf-4e8a-a85d-bc1aecf842d5", "isDeleted:":"true", "version":"1733002715809"}}
{"logTime": "1201/194859", "correlationVector":"pbO5AelTCchDatSndWUUAU.27","action":"GetUpdates", "result":"DeleteReceived", "context":{"id":"bc3568f7-5f3c-4fe5-896e-7d4fde80f5ca", "isDeleted:":"true", "version":"1733002715810"}}
{"logTime": "1201/194859", "correlationVector":"pbO5AelTCchDatSndWUUAU.28","action":"GetUpdates", "result":"DeleteReceived", "context":{"id":"d76a4784-69a5-4470-8a13-42a6ce5256c9", "isDeleted:":"true", "version":"1733002715811"}}
{"logTime": "1201/194859", "correlationVector":"pbO5AelTCchDatSndWUUAU.29","action":"GetUpdates", "result":"DeleteReceived", "context":{"id":"22bdc07a-341b-4bbc-b7c3-1306c3bd7661", "isDeleted:":"true", "version":"1733002715812"}}
{"logTime": "1201/194859", "correlationVector":"pbO5AelTCchDatSndWUUAU.30","action":"GetUpdates", "result":"DeleteReceived", "context":{"id":"0bef89d7-204c-4fe1-a0de-c06d2e544d9d", "isDeleted:":"true", "version":"1733002715813"}}
{"logTime": "1201/194859", "correlationVector":"pbO5AelTCchDatSndWUUAU.31","action":"GetUpdates", "result":"DeleteReceived", "context":{"id":"608b71e1-26ad-48ac-9055-723a7743369d", "isDeleted:":"true", "version":"1733002715814"}}
{"logTime": "1201/194859", "correlationVector":"pbO5AelTCchDatSndWUUAU.32","action":"GetUpdates", "result":"DeleteReceived", "context":{"id":"1522c7e3-6ad3-4752-86df-ab6fb3d375b5", "isDeleted:":"true", "version":"1733002715815"}}
{"logTime": "1201/194859", "correlationVector":"pbO5AelTCchDatSndWUUAU.33","action":"GetUpdates", "result":"DeleteReceived", "context":{"id":"85d3afc8-1c84-4aad-adef-b598e041b19a", "isDeleted:":"true", "version":"1733002717477"}}
{"logTime": "1201/194859", "correlationVector":"pbO5AelTCchDatSndWUUAU.34","action":"GetUpdates", "result":"DeleteReceived", "context":{"id":"46af1c20-417a-43c3-b58f-af483db794c8", "isDeleted:":"true", "version":"1733002717478"}}
{"logTime": "1201/194859", "correlationVector":"pbO5AelTCchDatSndWUUAU.35","action":"GetUpdates", "result":"DeleteReceived", "context":{"id":"264b4670-e41d-40af-8d57-d723faeefe4a", "isDeleted:":"true", "version":"1733002717479"}}
{"logTime": "1201/194859", "correlationVector":"pbO5AelTCchDatSndWUUAU.36","action":"GetUpdates", "result":"DeleteReceived", "context":{"id":"f5170543-52ad-47b3-b9b5-ad31aa712f73", "isDeleted:":"true", "version":"1733002717480"}}
{"logTime": "1201/194859", "correlationVector":"pbO5AelTCchDatSndWUUAU.37","action":"GetUpdates", "result":"DeleteReceived", "context":{"id":"84fdca92-94d8-481d-aa90-0ebbab22ac98", "isDeleted:":"true", "version":"1733002717481"}}
{"logTime": "1201/194859", "correlationVector":"pbO5AelTCchDatSndWUUAU.38","action":"GetUpdates", "result":"DeleteReceived", "context":{"id":"75c3441b-06ee-4534-ab3f-f562ab1e880a", "isDeleted:":"true", "version":"1733002717482"}}
{"logTime": "1201/194859", "correlationVector":"pbO5AelTCchDatSndWUUAU.39","action":"GetUpdates", "result":"DeleteReceived", "context":{"id":"b90d93b4-c50d-4d1a-a363-ac043a81c14a", "isDeleted:":"true", "version":"1733002717483"}}
{"logTime": "1201/194859", "correlationVector":"pbO5AelTCchDatSndWUUAU.40","action":"GetUpdates", "result":"DeleteReceived", "context":{"id":"e4a3e6ea-5451-4122-b4f3-24d41d95646e", "isDeleted:":"true", "version":"1733002717484"}}
{"logTime": "1201/194859", "correlationVector":"pbO5AelTCchDatSndWUUAU.41","action":"GetUpdates", "result":"DeleteReceived", "context":{"id":"d6fbdee3-484b-4498-acc6-e039e3d6d04d", "isDeleted:":"true", "version":"1733002717485"}}
{"logTime": "1201/194859", "correlationVector":"pbO5AelTCchDatSndWUUAU.42","action":"GetUpdates", "result":"DeleteReceived", "context":{"id":"19b13e8f-b018-4a39-9891-7bfd60325f50", "isDeleted:":"true", "version":"1733002717486"}}
{"logTime": "1201/194859", "correlationVector":"pbO5AelTCchDatSndWUUAU.43","action":"GetUpdates", "result":"DeleteReceived", "context":{"id":"2400ec55-a94e-4fab-b34c-b6c0898d5de8", "isDeleted:":"true", "version":"1733002717487"}}
{"logTime": "1201/194859", "correlationVector":"pbO5AelTCchDatSndWUUAU.44","action":"GetUpdates", "result":"DeleteReceived", "context":{"id":"8f3fd222-6ac4-4689-873e-e1bb77f55b8d", "isDeleted:":"true", "version":"1733002717488"}}
{"logTime": "1201/194859", "correlationVector":"pbO5AelTCchDatSndWUUAU.45","action":"GetUpdates", "result":"DeleteReceived", "context":{"id":"d952234b-efaa-476b-acd1-14b6bdb21c01", "isDeleted:":"true", "version":"1733002717489"}}
{"logTime": "1201/194859", "correlationVector":"pbO5AelTCchDatSndWUUAU.46","action":"GetUpdates", "result":"DeleteReceived", "context":{"id":"8f0f93b8-6806-4c91-bc77-7a931642e172", "isDeleted:":"true", "version":"1733002717490"}}
{"logTime": "1201/194859", "correlationVector":"pbO5AelTCchDatSndWUUAU.47","action":"GetUpdates", "result":"DeleteReceived", "context":{"id":"49bd066d-fa71-49ea-8832-48a1e0a92a42", "isDeleted:":"true", "version":"1733002717491"}}
{"logTime": "1201/194859", "correlationVector":"pbO5AelTCchDatSndWUUAU.48","action":"GetUpdates", "result":"DeleteReceived", "context":{"id":"73ab5221-fb4c-436c-aa66-c7a4898296dd", "isDeleted:":"true", "version":"1733002717492"}}
{"logTime": "1201/194859", "correlationVector":"pbO5AelTCchDatSndWUUAU.49","action":"GetUpdates", "result":"DeleteReceived", "context":{"id":"35bd61c6-9044-4211-b685-60c1d4d79e1c", "isDeleted:":"true", "version":"1733002717493"}}
{"logTime": "1201/194859", "correlationVector":"pbO5AelTCchDatSndWUUAU.50","action":"GetUpdates", "result":"DeleteReceived", "context":{"id":"7f78faed-9932-4a4f-8412-682b4a43e145", "isDeleted:":"true", "version":"1733002717494"}}
{"logTime": "1201/194859", "correlationVector":"pbO5AelTCchDatSndWUUAU.51","action":"GetUpdates", "result":"DeleteReceived", "context":{"id":"050dc7d6-6acc-4e51-82ed-7becebbf4845", "isDeleted:":"true", "version":"1733002717495"}}
{"logTime": "1201/194859", "correlationVector":"pbO5AelTCchDatSndWUUAU.52","action":"GetUpdates", "result":"DeleteReceived", "context":{"id":"c3071611-ef60-4b28-9193-eb1835602ab5", "isDeleted:":"true", "version":"1733002717496"}}
{"logTime": "1201/194859", "correlationVector":"pbO5AelTCchDatSndWUUAU.53","action":"GetUpdates", "result":"DeleteReceived", "context":{"id":"a4f77473-7677-49bf-a52c-a3ee47e89abd", "isDeleted:":"true", "version":"1733002717497"}}
{"logTime": "1201/194859", "correlationVector":"pbO5AelTCchDatSndWUUAU.54","action":"GetUpdates", "result":"DeleteReceived", "context":{"id":"d58bb239-4f8e-4c92-9607-b434826f4c3b", "isDeleted:":"true", "version":"1733002717498"}}
{"logTime": "1201/194859", "correlationVector":"pbO5AelTCchDatSndWUUAU.55","action":"GetUpdates", "result":"DeleteReceived", "context":{"id":"6cadd7d1-502f-4b41-aa2e-6be9c49d5aa7", "isDeleted:":"true", "version":"1733002717499"}}
{"logTime": "1201/194859", "correlationVector":"pbO5AelTCchDatSndWUUAU.56","action":"GetUpdates", "result":"DeleteReceived", "context":{"id":"f9aea88e-bf06-4747-8bf3-be4cc225bea1", "isDeleted:":"true", "version":"1733002717500"}}
{"logTime": "1201/194859", "correlationVector":"pbO5AelTCchDatSndWUUAU.57","action":"GetUpdates", "result":"DeleteReceived", "context":{"id":"b4afb106-1b11-4862-8e65-0dba39a0e8c4", "isDeleted:":"true", "version":"1733002717501"}}
{"logTime": "1201/194859", "correlationVector":"pbO5AelTCchDatSndWUUAU.58","action":"GetUpdates", "result":"DeleteReceived", "context":{"id":"17b9afe5-80fd-442c-b400-9d30eb31a8b5", "isDeleted:":"true", "version":"1733002717502"}}
{"logTime": "1201/194859", "correlationVector":"pbO5AelTCchDatSndWUUAU.59","action":"GetUpdates", "result":"DeleteReceived", "context":{"id":"6ca0d9b4-7aed-4276-92f4-93897fd94cf6", "isDeleted:":"true", "version":"1733002717503"}}
{"logTime": "1201/194859", "correlationVector":"pbO5AelTCchDatSndWUUAU.60","action":"GetUpdates", "result":"DeleteReceived", "context":{"id":"1f159a65-12e3-4153-b182-5d02eeec9a3f", "isDeleted:":"true", "version":"1733002717504"}}
{"logTime": "1201/194859", "correlationVector":"pbO5AelTCchDatSndWUUAU.61","action":"GetUpdates", "result":"DeleteReceived", "context":{"id":"d3123691-8e9d-4117-988d-dd3d9c9fec73", "isDeleted:":"true", "version":"1733002717505"}}
{"logTime": "1201/194859", "correlationVector":"pbO5AelTCchDatSndWUUAU.62","action":"GetUpdates", "result":"DeleteReceived", "context":{"id":"93e4af51-c5e4-4aee-bc9a-979c0b8fc2e5", "isDeleted:":"true", "version":"1733002717506"}}
{"logTime": "1201/194859", "correlationVector":"pbO5AelTCchDatSndWUUAU.63","action":"GetUpdates", "result":"DeleteReceived", "context":{"id":"c0ebc7a0-89ee-4357-b16b-84a44db1beb4", "isDeleted:":"true", "version":"1733002717507"}}
{"logTime": "1201/194859", "correlationVector":"pbO5AelTCchDatSndWUUAU.64","action":"GetUpdates", "result":"DeleteReceived", "context":{"id":"dcf5bfe2-b7f8-4404-9143-7a3031ea2b4b", "isDeleted:":"true", "version":"1733002717508"}}
{"logTime": "1201/194859", "correlationVector":"pbO5AelTCchDatSndWUUAU.65","action":"GetUpdates", "result":"DeleteReceived", "context":{"id":"43bb7231-7f53-4444-a6d3-f612443b6ace", "isDeleted:":"true", "version":"1733002717510"}}
{"logTime": "1201/194859", "correlationVector":"pbO5AelTCchDatSndWUUAU.66","action":"GetUpdates", "result":"DeleteReceived", "context":{"id":"8508ffa4-9e86-4fe7-ae83-9933bcee35d8", "isDeleted:":"true", "version":"1733002717511"}}
{"logTime": "1201/194859", "correlationVector":"pbO5AelTCchDatSndWUUAU.67","action":"GetUpdates", "result":"DeleteReceived", "context":{"id":"083acda5-fa4d-4441-beb5-5524d08ca6a3", "isDeleted:":"true", "version":"1733002717512"}}
{"logTime": "1201/194859", "correlationVector":"pbO5AelTCchDatSndWUUAU.68","action":"GetUpdates", "result":"DeleteReceived", "context":{"id":"f76b157c-dde3-4667-b7bc-22663f7df199", "isDeleted:":"true", "version":"1733002717513"}}
{"logTime": "1201/194859", "correlationVector":"pbO5AelTCchDatSndWUUAU.69","action":"GetUpdates", "result":"DeleteReceived", "context":{"id":"c9066dc4-879c-47e9-8f0c-5b04264041a2", "isDeleted:":"true", "version":"1733002717514"}}
{"logTime": "1201/194859", "correlationVector":"pbO5AelTCchDatSndWUUAU.70","action":"GetUpdates", "result":"DeleteReceived", "context":{"id":"9e291056-928a-425e-b5c4-790a062bd194", "isDeleted:":"true", "version":"1733002717515"}}
{"logTime": "1201/194859", "correlationVector":"pbO5AelTCchDatSndWUUAU.71","action":"GetUpdates", "result":"DeleteReceived", "context":{"id":"67c35301-7760-4991-83e7-3817604b10b1", "isDeleted:":"true", "version":"1733002717516"}}
{"logTime": "1201/194859", "correlationVector":"pbO5AelTCchDatSndWUUAU.72","action":"GetUpdates", "result":"DeleteReceived", "context":{"id":"394cbd71-39d1-4c01-9b7d-1f8e18a00702", "isDeleted:":"true", "version":"1733002719165"}}
{"logTime": "1201/194859", "correlationVector":"pbO5AelTCchDatSndWUUAU.73","action":"GetUpdates", "result":"DeleteReceived", "context":{"id":"90683e23-beae-4a3d-8e47-b885eea49406", "isDeleted:":"true", "version":"1733002719166"}}
{"logTime": "1201/194859", "correlationVector":"pbO5AelTCchDatSndWUUAU.74","action":"GetUpdates", "result":"DeleteReceived", "context":{"id":"134755d0-1acb-47da-b93b-0601f572fd3b", "isDeleted:":"true", "version":"1733002719167"}}
{"logTime": "1201/194859", "correlationVector":"pbO5AelTCchDatSndWUUAU.75","action":"GetUpdates", "result":"DeleteReceived", "context":{"id":"6d70e8dd-e5e5-47d3-9279-d16fe4c654f7", "isDeleted:":"true", "version":"1733066030869"}}
{"logTime": "1201/194859", "correlationVector":"pbO5AelTCchDatSndWUUAU.76","action":"GetUpdates", "result":"DeleteReceived", "context":{"id":"a1e9ff5c-5195-4f7c-aed6-5496c8f198f1", "isDeleted:":"true", "version":"1733082283121"}}
{"logTime": "1201/194859", "correlationVector":"pbO5AelTCchDatSndWUUAU.77","action":"GetUpdates", "result":"DeleteReceived", "context":{"id":"b11c866c-56c5-48d3-8b14-625fcf845e9a", "isDeleted:":"true", "version":"1733082283122"}}
{"logTime": "1201/194859", "correlationVector":"pbO5AelTCchDatSndWUUAU.78","action":"GetUpdates Response", "result":"Success", "context":Received 92 update(s). cV=pbO5AelTCchDatSndWUUAU.0;server=GENERAL0100000O;cloudType=Consumer;environment=Prod_WestEurope_000l;migrationStage=NotStarted}
{"logTime": "1201/194859", "correlationVector":"yyomRu7e9kBjO907NqelqQ","action":"Normal GetUpdate request", "result":"", "context":cV=yyomRu7e9kBjO907NqelqQ
Nudged types: Passwords, Sessions, Device Info, User Consents
Refresh requested types: Bookmarks, Preferences, Passwords, Autofill Profiles, Autofill, Typed URLs, Extensions, Sessions, Extension settings, History Delete Directives, Device Info, User Consents, Send Tab To Self, Web Apps, Collection, Edge E Drop, Edge Hub App Usage, Edge Tab Group, Edge Wallet, Encryption Keys}
{"logTime": "1201/194859", "correlationVector":"yyomRu7e9kBjO907NqelqQ.1","action":"SyncServerConnectionManagerRequest", "result":"SYNC_SERVER_OK", "context":{"environment":"Prod_WestEurope_000l", "migrationStage":"NotStarted", "server":"GENERAL01000010"}}
{"logTime": "1201/194859", "correlationVector":"yyomRu7e9kBjO907NqelqQ.2","action":"GetUpdates Response", "result":"Success", "context":Received 0 update(s). cV=yyomRu7e9kBjO907NqelqQ.0;server=GENERAL01000010;cloudType=Consumer;environment=Prod_WestEurope_000l;migrationStage=NotStarted}
{"logTime": "1201/194859", "correlationVector":"VEsLV+RhTWoNRMwhDgwjAz","action":"Commit Request", "result":"", "context":Item count: 7
Contributing types: Passwords, Sessions, Device Info, User Consents}
{"logTime": "1201/194900", "correlationVector":"VEsLV+RhTWoNRMwhDgwjAz.1","action":"SyncServerConnectionManagerRequest", "result":"SYNC_SERVER_OK", "context":{"environment":"Prod_WestEurope_000l", "migrationStage":"NotStarted", "server":"GENERAL0100001K"}}
{"logTime": "1201/194900", "correlationVector":"VEsLV+RhTWoNRMwhDgwjAz.2","action":"Commit Response", "result":"Success", "context":Result: Success. cV=VEsLV+RhTWoNRMwhDgwjAz.0;server=GENERAL0100001K;cloudType=Consumer;environment=Prod_WestEurope_000l;migrationStage=NotStarted}
{"logTime": "1201/194904", "correlationVector":"Tif9ohaYKdwDx2bN5O5GMp","action":"Commit Request", "result":"", "context":Item count: 2
Contributing types: Sessions, Edge Hub App Usage}
{"logTime": "1201/194905", "correlationVector":"Tif9ohaYKdwDx2bN5O5GMp.1","action":"SyncServerConnectionManagerRequest", "result":"SYNC_SERVER_OK", "context":{"environment":"Prod_WestEurope_000l", "migrationStage":"NotStarted", "server":"GENERAL0100001I"}}
{"logTime": "1201/194905", "correlationVector":"Tif9ohaYKdwDx2bN5O5GMp.2","action":"Commit Response", "result":"Success", "context":Result: Success. cV=Tif9ohaYKdwDx2bN5O5GMp.0;server=GENERAL0100001I;cloudType=Consumer;environment=Prod_WestEurope_000l;migrationStage=NotStarted}
{"logTime": "1201/194908", "correlationVector":"pa613i8VFak3mQKZMgGk/U","action":"Commit Request", "result":"", "context":Item count: 1
Contributing types: Edge Hub App Usage}
{"logTime": "1201/194908", "correlationVector":"pa613i8VFak3mQKZMgGk/U.1","action":"SyncServerConnectionManagerRequest", "result":"SYNC_SERVER_OK", "context":{"environment":"Prod_WestEurope_x00e", "migrationStage":"NotStarted", "server":"GENERAL0200001M"}}
{"logTime": "1201/194908", "correlationVector":"pa613i8VFak3mQKZMgGk/U.2","action":"Commit Response", "result":"Success", "context":Result: Success. cV=pa613i8VFak3mQKZMgGk/U.0;server=GENERAL0200001M;cloudType=Consumer;environment=Prod_WestEurope_x00e;migrationStage=NotStarted}
{"logTime": "1201/194913", "correlationVector":"PRVPFWG1/tsONfEooZTbpG","action":"Commit Request", "result":"", "context":Item count: 1
Contributing types: Preferences}
{"logTime": "1201/194914", "correlationVector":"PRVPFWG1/tsONfEooZTbpG.1","action":"SyncServerConnectionManagerRequest", "result":"SYNC_SERVER_OK", "context":{"environment":"Prod_WestEurope_000l", "migrationStage":"NotStarted", "server":"GENERAL01000007"}}
{"logTime": "1201/194914", "correlationVector":"PRVPFWG1/tsONfEooZTbpG.2","action":"Commit Response", "result":"Success", "context":Result: Success. cV=PRVPFWG1/tsONfEooZTbpG.0;server=GENERAL01000007;cloudType=Consumer;environment=Prod_WestEurope_000l;migrationStage=NotStarted}
{"logTime": "1201/195350", "correlationVector":"LZkiTJCcXB1Hd/jfIBn66a","action":"Normal GetUpdate request", "result":"", "context":cV=LZkiTJCcXB1Hd/jfIBn66a
Refresh requested types: Bookmarks, Preferences, Passwords, Autofill Profiles, Autofill, Typed URLs, Extensions, Sessions, Extension settings, History Delete Directives, Device Info, User Consents, Send Tab To Self, Web Apps, Collection, Edge E Drop, Edge Hub App Usage, Edge Tab Group, Edge Wallet, Encryption Keys}
{"logTime": "1201/195350", "correlationVector":"LZkiTJCcXB1Hd/jfIBn66a.1","action":"SyncServerConnectionManagerRequest", "result":"SYNC_SERVER_OK", "context":{"environment":"Prod_WestEurope_x00e", "migrationStage":"NotStarted", "server":"GENERAL0200001Z"}}
{"logTime": "1201/195350", "correlationVector":"LZkiTJCcXB1Hd/jfIBn66a.2","action":"GetUpdates Response", "result":"Success", "context":Received 8 update(s). cV=LZkiTJCcXB1Hd/jfIBn66a.0;server=GENERAL0200001Z;cloudType=Consumer;environment=Prod_WestEurope_x00e;migrationStage=NotStarted}
{"logTime": "1201/195350", "correlationVector":"Agg5nyWpeJCPOytbDtsnXg","action":"DoCompareDataConsistency requsted types: ", "result":"Bookmarks, Preferences, Passwords, Typed URLs, Extensions, Extension settings, History Delete Directives, Send Tab To Self, Web Apps, Collection, Edge E Drop, Edge Tab Group, Edge Wallet, Encryption Keys"}
{"logTime": "1201/195350", "correlationVector":"Agg5nyWpeJCPOytbDtsnXg.0","action":"CompareDataConsistency result: ", "result":"Compare result: Encryption Keys is consistent. local entities count is: 1 local entities hash is: PiZOdTik6D/uLNtYUV4c8ZIVUdQ="}
{"logTime": "1201/195350", "correlationVector":"Agg5nyWpeJCPOytbDtsnXg.1","action":"CompareDataConsistency result: ", "result":"Compare result: Bookmarks is consistent. local entities count is: 101 local entities hash is: VW9IQuipfKU15iDlnnnON2nxj2k="}
{"logTime": "1201/195350", "correlationVector":"Agg5nyWpeJCPOytbDtsnXg.2","action":"CompareDataConsistency result: ", "result":"Compare result: Preferences is consistent. local entities count is: 89 local entities hash is: LrabcSlsrP96/lzeh9LxOQiwBrg="}
{"logTime": "1201/195350", "correlationVector":"Agg5nyWpeJCPOytbDtsnXg.3","action":"CompareDataConsistency result: ", "result":"Server did not send this Typed URLs local entities count is: 7 local entities hash is: MQ0EnfpH71K648LrVIsi0PHVPLM="}
{"logTime": "1201/195350", "correlationVector":"Agg5nyWpeJCPOytbDtsnXg.4","action":"CompareDataConsistency result: ", "result":"Compare result: Extensions is consistent. local entities count is: 1 local entities hash is: 8Js31oSDWf+/GyDvJq+klvp6EcE="}
{"logTime": "1201/195350", "correlationVector":"Agg5nyWpeJCPOytbDtsnXg.5","action":"CompareDataConsistency result: ", "result":"Compare result: Extension settings is consistent. local entities count is: 0 local entities hash is: "}
{"logTime": "1201/195350", "correlationVector":"Agg5nyWpeJCPOytbDtsnXg.6","action":"CompareDataConsistency result: ", "result":"Compare result: History Delete Directives is consistent. local entities count is: 0 local entities hash is: "}
{"logTime": "1201/195350", "correlationVector":"Agg5nyWpeJCPOytbDtsnXg.7","action":"CompareDataConsistency result: ", "result":"Server did not send this Send Tab To Self local entities count is: 0 local entities hash is: "}
{"logTime": "1201/195350", "correlationVector":"Agg5nyWpeJCPOytbDtsnXg.8","action":"CompareDataConsistency result: ", "result":"Compare result: Web Apps is consistent. local entities count is: 0 local entities hash is: "}
{"logTime": "1201/195350", "correlationVector":"Agg5nyWpeJCPOytbDtsnXg.9","action":"CompareDataConsistency result: ", "result":"Compare result: Collection is consistent. local entities count is: 0 local entities hash is: "}
{"logTime": "1201/195350", "correlationVector":"Agg5nyWpeJCPOytbDtsnXg.10","action":"CompareDataConsistency result: ", "result":"Compare result: Edge E Drop is consistent. local entities count is: 0 local entities hash is: "}
{"logTime": "1201/195350", "correlationVector":"Agg5nyWpeJCPOytbDtsnXg.11","action":"CompareDataConsistency result: ", "result":"Compare result: Edge Tab Group is consistent. local entities count is: 0 local entities hash is: "}
{"logTime": "1201/195350", "correlationVector":"Agg5nyWpeJCPOytbDtsnXg.12","action":"CompareDataConsistency result: ", "result":"Compare result: Edge Wallet is consistent. local entities count is: 0 local entities hash is: "}
{"logTime": "1201/195350", "correlationVector":"Agg5nyWpeJCPOytbDtsnXg.13","action":"CompareDataConsistency result: ", "result":"Compare result: Passwords is consistent. local entities count is: 97 local entities hash is: hN2zgzaylNTMZK0ikSWWIf9AQyw="}
{"logTime": "1201/195350", "correlationVector":"","action":"DIAGNOSTIC_REQUEST|v1/diagnosticData/Diagnostic.SendCheckResult()|SUCCESS", "result":""}
{"logTime": "1201/202740", "correlationVector":"nzhKtcCGp/Yt2UlijsiPi6.1","action":"SyncServerConnectionManagerRequest", "result":"SYNC_SERVER_OK", "context":{"environment":"Prod_WestEurope_000l", "migrationStage":"NotStarted", "server":"GENERAL0100000W"}}
{"logTime": "1201/202741", "correlationVector":"Z3fM+QoLA1/WGZZFCi0XYO","action":"SyncServerConnectionManagerRequest", "result":"SYNC_SERVER_OK", "context":{"environment":"", "migrationStage":"", "server":""}}
{"logTime": "1201/202741", "correlationVector":"nzhKtcCGp/Yt2UlijsiPi6","action":"Initial GetUpdates", "result":"", "context":Reason: NEW_CLIENT. cV=nzhKtcCGp/Yt2UlijsiPi6}
{"logTime": "1201/202741", "correlationVector":"nzhKtcCGp/Yt2UlijsiPi6.2","action":"GetUpdates Response", "result":"Success", "context":Received 1 update(s). cV=nzhKtcCGp/Yt2UlijsiPi6.0;server=GENERAL0100000W;cloudType=Consumer;environment=Prod_WestEurope_000l;migrationStage=NotStarted}
{"logTime": "1201/202741", "correlationVector":"NNsYpiozUS8vic9UJkelxG","action":"Initial GetUpdates", "result":"", "context":Reason: NEWLY_SUPPORTED_DATATYPE. cV=NNsYpiozUS8vic9UJkelxG}
{"logTime": "1201/202741", "correlationVector":"NNsYpiozUS8vic9UJkelxG.1","action":"SyncServerConnectionManagerRequest", "result":"SYNC_SERVER_OK", "context":{"environment":"Prod_WestEurope_x00e", "migrationStage":"NotStarted", "server":"GENERAL0200001C"}}
{"logTime": "1201/202741", "correlationVector":"NNsYpiozUS8vic9UJkelxG.2","action":"GetUpdates Response", "result":"Success", "context":Received 97 update(s). cV=NNsYpiozUS8vic9UJkelxG.0;server=GENERAL0200001C;cloudType=Consumer;environment=Prod_WestEurope_x00e;migrationStage=NotStarted}
{"logTime": "1201/202742", "correlationVector":"QPgImGXm6t36oRMLMHJhu/","action":"Normal GetUpdate request", "result":"", "context":cV=QPgImGXm6t36oRMLMHJhu/
Nudged types: Sessions, Device Info
Refresh requested types: Bookmarks, Preferences, Passwords, Autofill Profiles, Autofill, Typed URLs, Extensions, Sessions, Extension settings, History Delete Directives, Device Info, User Consents, Send Tab To Self, Web Apps, Collection, Edge E Drop, Edge Hub App Usage, Edge Tab Group, Edge Wallet, Encryption Keys}
{"logTime": "1201/202742", "correlationVector":"QPgImGXm6t36oRMLMHJhu/.1","action":"SyncServerConnectionManagerRequest", "result":"SYNC_SERVER_OK", "context":{"environment":"Prod_WestEurope_000l", "migrationStage":"NotStarted", "server":"GENERAL0100000Q"}}
{"logTime": "1201/202742", "correlationVector":"QPgImGXm6t36oRMLMHJhu/.2","action":"GetUpdates", "result":"DeleteReceived", "context":{"id":"5acbf769-4603-4b6d-9ec7-0b0ef4b70e29", "isDeleted:":"true", "version":"1733083358035"}}
{"logTime": "1201/202742", "correlationVector":"QPgImGXm6t36oRMLMHJhu/.3","action":"GetUpdates", "result":"DeleteReceived", "context":{"id":"7db3101f-156b-4f02-87cc-383a54170785", "isDeleted:":"true", "version":"1733083678960"}}
{"logTime": "1201/202742", "correlationVector":"QPgImGXm6t36oRMLMHJhu/.4","action":"GetUpdates", "result":"DeleteReceived", "context":{"id":"4338f733-d410-4d93-88c1-f5ea107bbc1f", "isDeleted:":"true", "version":"1733084521053"}}
{"logTime": "1201/202742", "correlationVector":"QPgImGXm6t36oRMLMHJhu/.5","action":"GetUpdates", "result":"DeleteReceived", "context":{"id":"43d63af2-eea1-43a6-b90a-ce4b20703bb7", "isDeleted:":"true", "version":"1733083101172"}}
{"logTime": "1201/202742", "correlationVector":"QPgImGXm6t36oRMLMHJhu/.6","action":"GetUpdates Response", "result":"Success", "context":Received 8 update(s). cV=QPgImGXm6t36oRMLMHJhu/.0;server=GENERAL0100000Q;cloudType=Consumer;environment=Prod_WestEurope_000l;migrationStage=NotStarted}
{"logTime": "1201/202749", "correlationVector":"L46dpElZd0ZvC+fQhgnnS2","action":"Commit Request", "result":"", "context":Item count: 4
Contributing types: Passwords, Sessions}
{"logTime": "1201/202749", "correlationVector":"L46dpElZd0ZvC+fQhgnnS2.1","action":"SyncServerConnectionManagerRequest", "result":"SYNC_SERVER_OK", "context":{"environment":"Prod_WestEurope_000l", "migrationStage":"NotStarted", "server":"GENERAL01000002"}}
{"logTime": "1201/202749", "correlationVector":"L46dpElZd0ZvC+fQhgnnS2.2","action":"Commit Response", "result":"Success", "context":Result: Success. cV=L46dpElZd0ZvC+fQhgnnS2.0;server=GENERAL01000002;cloudType=Consumer;environment=Prod_WestEurope_000l;migrationStage=NotStarted}
{"logTime": "1201/202827", "correlationVector":"SF5LdbvLzkKiYAlO1QPZ/b","action":"Commit Request", "result":"", "context":Item count: 1
Contributing types: Preferences}
{"logTime": "1201/202828", "correlationVector":"SF5LdbvLzkKiYAlO1QPZ/b.1","action":"SyncServerConnectionManagerRequest", "result":"SYNC_SERVER_OK", "context":{"environment":"Prod_WestEurope_000l", "migrationStage":"NotStarted", "server":"GENERAL01000014"}}
{"logTime": "1201/202828", "correlationVector":"SF5LdbvLzkKiYAlO1QPZ/b.2","action":"Commit Response", "result":"Success", "context":Result: Success. cV=SF5LdbvLzkKiYAlO1QPZ/b.0;server=GENERAL01000014;cloudType=Consumer;environment=Prod_WestEurope_000l;migrationStage=NotStarted}
{"logTime": "1201/202838", "correlationVector":"SWJyIAcqeJKs6ui71eBHic","action":"Commit Request", "result":"", "context":Item count: 1
Contributing types: Preferences}
{"logTime": "1201/202838", "correlationVector":"SWJyIAcqeJKs6ui71eBHic.1","action":"SyncServerConnectionManagerRequest", "result":"SYNC_SERVER_OK", "context":{"environment":"Prod_WestEurope_000l", "migrationStage":"NotStarted", "server":"GENERAL0100000V"}}
{"logTime": "1201/202838", "correlationVector":"SWJyIAcqeJKs6ui71eBHic.2","action":"Commit Response", "result":"Success", "context":Result: Success. cV=SWJyIAcqeJKs6ui71eBHic.0;server=GENERAL0100000V;cloudType=Consumer;environment=Prod_WestEurope_000l;migrationStage=NotStarted}
{"logTime": "1201/203054", "correlationVector":"SI6S+e4M3i1/S960JtoZ5J","action":"Commit Request", "result":"", "context":Item count: 1
Contributing types: Sessions}
{"logTime": "1201/203055", "correlationVector":"SI6S+e4M3i1/S960JtoZ5J.1","action":"SyncServerConnectionManagerRequest", "result":"SYNC_SERVER_OK", "context":{"environment":"Prod_WestEurope_000l", "migrationStage":"NotStarted", "server":"GENERAL0100000X"}}
{"logTime": "1201/203055", "correlationVector":"SI6S+e4M3i1/S960JtoZ5J.2","action":"Commit Response", "result":"Success", "context":Result: Success. cV=SI6S+e4M3i1/S960JtoZ5J.0;server=GENERAL0100000X;cloudType=Consumer;environment=Prod_WestEurope_000l;migrationStage=NotStarted}
{"logTime": "1201/203237", "correlationVector":"ykYtB7RG5fyeNjXkGUzjEB","action":"Normal GetUpdate request", "result":"", "context":cV=ykYtB7RG5fyeNjXkGUzjEB
Nudged types: Preferences
Refresh requested types: Bookmarks, Preferences, Passwords, Autofill Profiles, Autofill, Typed URLs, Extensions, Sessions, Extension settings, History Delete Directives, Device Info, User Consents, Send Tab To Self, Web Apps, Collection, Edge E Drop, Edge Hub App Usage, Edge Tab Group, Edge Wallet, Encryption Keys}
{"logTime": "1201/203238", "correlationVector":"ykYtB7RG5fyeNjXkGUzjEB.1","action":"SyncServerConnectionManagerRequest", "result":"SYNC_SERVER_OK", "context":{"environment":"Prod_WestEurope_000l", "migrationStage":"NotStarted", "server":"general0100000Y"}}
{"logTime": "1201/203238", "correlationVector":"ykYtB7RG5fyeNjXkGUzjEB.2","action":"GetUpdates Response", "result":"Success", "context":Received 6 update(s). cV=ykYtB7RG5fyeNjXkGUzjEB.0;server=general0100000Y;cloudType=Consumer;environment=Prod_WestEurope_000l;migrationStage=NotStarted}
{"logTime": "1201/203238", "correlationVector":"FUgosZ7bBGA9giVKQcyep/","action":"Commit Request", "result":"", "context":Item count: 1
Contributing types: Preferences}
{"logTime": "1201/203238", "correlationVector":"FUgosZ7bBGA9giVKQcyep/.1","action":"SyncServerConnectionManagerRequest", "result":"SYNC_SERVER_OK", "context":{"environment":"Prod_WestEurope_000l", "migrationStage":"NotStarted", "server":"GENERAL0100000A"}}
{"logTime": "1201/203238", "correlationVector":"FUgosZ7bBGA9giVKQcyep/.3","action":"Commit.Preferences", "result":"Success", "context":{"id":"14855819-c69b-4a0c-a262-106f38e0b9c8", "isDeleted":"true", "size":"0", "version":"1733084918139"}}
{"logTime": "1201/203238", "correlationVector":"FUgosZ7bBGA9giVKQcyep/.2","action":"Commit Response", "result":"Success", "context":Result: Success. cV=FUgosZ7bBGA9giVKQcyep/.0;server=GENERAL0100000A;cloudType=Consumer;environment=Prod_WestEurope_000l;migrationStage=NotStarted}
