2024-12-01 19:48:48.647: [INFO][Sync] Reset engine, reason: 8
2024-12-01 19:48:48.647: [INFO][Sync] Stopped: Bookmarks
2024-12-01 19:48:48.647: [INFO][Sync] Stopped: Preferences
2024-12-01 19:48:48.647: [INFO][Sync] Stopped: Passwords
2024-12-01 19:48:48.647: [INFO][Sync] Stopped: Autofill Profiles
2024-12-01 19:48:48.647: [INFO][Sync] Stopped: Autofill
2024-12-01 19:48:48.647: [INFO][Sync] Stopped: Typed URLs
2024-12-01 19:48:48.647: [INFO][Sync] Stopped: Extensions
2024-12-01 19:48:48.647: [INFO][Sync] Stopped: Sessions
2024-12-01 19:48:48.647: [INFO][Sync] Stopped: Extension settings
2024-12-01 19:48:48.647: [INFO][Sync] Stopped: History Delete Directives
2024-12-01 19:48:48.647: [INFO][Sync] Stopped: Device Info
2024-12-01 19:48:48.647: [INFO][Sync] Stopped: User Consents
2024-12-01 19:48:48.647: [INFO][Sync] Stopped: Send Tab To Self
2024-12-01 19:48:48.647: [INFO][Sync] Stopped: Web Apps
2024-12-01 19:48:48.647: [INFO][Sync] Stopped: History
2024-12-01 19:48:48.647: [INFO][Sync] Stopped: Collection
2024-12-01 19:48:48.647: [INFO][Sync] Stopped: Edge E Drop
2024-12-01 19:48:48.647: [INFO][Sync] Stopped: Edge Hub App Usage
2024-12-01 19:48:48.647: [INFO][Sync] Stopped: Edge Tab Group
2024-12-01 19:48:48.647: [INFO][Sync] Stopped: Edge Wallet
2024-12-01 19:48:48.647: [INFO][Sync] SyncState after authenticated was: NotSignedIn
2024-12-01 19:48:49.020: [INFO][Sync] Reset engine, reason: 8
2024-12-01 19:48:49.020: [INFO][Sync] Stopped: Bookmarks
2024-12-01 19:48:49.020: [INFO][Sync] Stopped: Preferences
2024-12-01 19:48:49.020: [INFO][Sync] Stopped: Passwords
2024-12-01 19:48:49.020: [INFO][Sync] Stopped: Autofill Profiles
2024-12-01 19:48:49.020: [INFO][Sync] Stopped: Autofill
2024-12-01 19:48:49.020: [INFO][Sync] Stopped: Typed URLs
2024-12-01 19:48:49.020: [INFO][Sync] Stopped: Extensions
2024-12-01 19:48:49.020: [INFO][Sync] Stopped: Sessions
2024-12-01 19:48:49.020: [INFO][Sync] Stopped: Extension settings
2024-12-01 19:48:49.020: [INFO][Sync] Stopped: History Delete Directives
2024-12-01 19:48:49.020: [INFO][Sync] Stopped: Device Info
2024-12-01 19:48:49.020: [INFO][Sync] Stopped: User Consents
2024-12-01 19:48:49.020: [INFO][Sync] Stopped: Send Tab To Self
2024-12-01 19:48:49.020: [INFO][Sync] Stopped: Web Apps
2024-12-01 19:48:49.020: [INFO][Sync] Stopped: History
2024-12-01 19:48:49.020: [INFO][Sync] Stopped: Collection
2024-12-01 19:48:49.020: [INFO][Sync] Stopped: Edge E Drop
2024-12-01 19:48:49.020: [INFO][Sync] Stopped: Edge Hub App Usage
2024-12-01 19:48:49.020: [INFO][Sync] Stopped: Edge Tab Group
2024-12-01 19:48:49.020: [INFO][Sync] Stopped: Edge Wallet
2024-12-01 19:48:49.580: [INFO][Sync] Try to start sync engine
2024-12-01 19:48:49.592: [INFO][SyncManagerImpl::NudgeForInitialDownload] Initial download nudge for Encryption Keys
2024-12-01 19:48:49.592: [INFO][SyncEngineBackend::LoadAndConnectNigoriController] Load and connect Nigori controller
2024-12-01 19:48:49.592: [INFO][SyncEngineBackend::DoInitialize] Control Types added: Encryption Keys
2024-12-01 19:48:49.592: [INFO][SyncManagerImpl::ConfigureSyncer] Types to download: Encryption Keys with reason: 3
2024-12-01 19:48:49.592: [INFO][SyncSchedulerImpl::DoConfigurationSyncCycleJob] Configure job was blocked
2024-12-01 19:48:50.003: [INFO][SyncAuthManager::SetLastAuthError] Current auth error: None
2024-12-01 19:48:50.003: [INFO][SyncAuthManager::EdgeLogTokenErrorState] Token error with: None for account type: MSA
2024-12-01 19:48:50.003: [INFO][Sync] Credentials changed for: EdgeSyncScopeNew
2024-12-01 19:48:56.282: [INFO][SyncAuthManager::SetLastAuthError] Current auth error: None
2024-12-01 19:48:56.282: [INFO][SyncAuthManager::EdgeLogTokenErrorState] Token error with: None for account type: MSA
2024-12-01 19:48:56.282: [INFO][Sync] Credentials changed for: EdgeSyncKeyDataScope
2024-12-01 19:48:56.282: [INFO][SyncEngineBackend::DoUpdateKeyDataCredentials] Update key data credentials
2024-12-01 19:48:56.282: [INFO][SyncEngineBackend::DoUpdateCredentials] Update credentials
2024-12-01 19:48:56.283: [INFO][SyncSchedulerImpl::DoConfigurationSyncCycleJob] Blocked types:  and types to download: Encryption Keys
2024-12-01 19:48:56.581: [INFO][Sync] Started DataTypeManager configuration, reason: 4
2024-12-01 19:48:56.581: [INFO][Sync] Configuring for: Bookmarks, Preferences, Passwords, Autofill Profiles, Autofill, Typed URLs, Extensions, Sessions, Extension settings, History Delete Directives, Device Info, User Consents, Send Tab To Self, Web Apps, Collection, Edge E Drop, Edge Hub App Usage, Edge Tab Group, Edge Wallet, Encryption Keys, reason: 3, current state: 0
2024-12-01 19:48:56.583: [INFO][Sync] Configure, desired: Bookmarks, Preferences, Typed URLs, Extensions, Sessions, Extension settings, History Delete Directives, Device Info, User Consents, Send Tab To Self, Web Apps, Collection, Edge E Drop, Edge Hub App Usage, Edge Tab Group, Edge Wallet, Encryption Keys; Allow fail: Passwords, Autofill Profiles, Autofill
2024-12-01 19:48:56.583: [INFO][Sync] Loading: Bookmarks
2024-12-01 19:48:56.584: [INFO][Sync] Loading: Preferences
2024-12-01 19:48:56.584: [INFO][Sync] Loading: Typed URLs
2024-12-01 19:48:56.584: [INFO][Sync] Loading: Extensions
2024-12-01 19:48:56.585: [INFO][Sync] Loading: Sessions
2024-12-01 19:48:56.585: [INFO][Sync] Loading: Extension settings
2024-12-01 19:48:56.585: [INFO][Sync] Loading: History Delete Directives
2024-12-01 19:48:56.585: [INFO][Sync] Loading: Device Info
2024-12-01 19:48:56.586: [INFO][Sync] Loading: User Consents
2024-12-01 19:48:56.586: [INFO][Sync] Loading: Send Tab To Self
2024-12-01 19:48:56.586: [INFO][Sync] Loading: Web Apps
2024-12-01 19:48:56.586: [INFO][Sync] Loading: Collection
2024-12-01 19:48:56.586: [INFO][Sync] Loading: Edge E Drop
2024-12-01 19:48:56.586: [INFO][Sync] Loading: Edge Hub App Usage
2024-12-01 19:48:56.586: [INFO][Sync] Loading: Edge Tab Group
2024-12-01 19:48:56.586: [INFO][Sync] Loading: Edge Wallet
2024-12-01 19:48:56.590: [INFO][Sync] All data types are ready for configure.
2024-12-01 19:48:57.373: [INFO][Sync] Started DataTypeManager configuration, reason: 5
2024-12-01 19:48:57.373: [INFO][Sync] Configuring for: Bookmarks, Preferences, Passwords, Autofill Profiles, Autofill, Typed URLs, Extensions, Sessions, Extension settings, History Delete Directives, Device Info, User Consents, Send Tab To Self, Web Apps, Collection, Edge E Drop, Edge Hub App Usage, Edge Tab Group, Edge Wallet, Encryption Keys, reason: 5, current state: 1
2024-12-01 19:48:57.375: [INFO][SyncEngineBackend::DoStartConfiguration] Start configuration
2024-12-01 19:48:57.375: [INFO][SyncManagerImpl::NudgeForInitialDownload] Initial download nudge for Bookmarks
2024-12-01 19:48:57.375: [INFO][SyncManagerImpl::NudgeForInitialDownload] Initial download nudge for Preferences
2024-12-01 19:48:57.375: [INFO][SyncManagerImpl::NudgeForInitialDownload] Initial download nudge for Typed URLs
2024-12-01 19:48:57.376: [INFO][SyncManagerImpl::NudgeForInitialDownload] Initial download nudge for Extensions
2024-12-01 19:48:57.376: [INFO][SyncManagerImpl::NudgeForInitialDownload] Initial download nudge for Sessions
2024-12-01 19:48:57.376: [INFO][SyncManagerImpl::NudgeForInitialDownload] Initial download nudge for Extension settings
2024-12-01 19:48:57.376: [INFO][SyncManagerImpl::NudgeForInitialDownload] Initial download nudge for History Delete Directives
2024-12-01 19:48:57.376: [INFO][SyncManagerImpl::NudgeForInitialDownload] Initial download nudge for Device Info
2024-12-01 19:48:57.376: [INFO][SyncManagerImpl::NudgeForInitialDownload] Initial download nudge for Send Tab To Self
2024-12-01 19:48:57.376: [INFO][SyncManagerImpl::NudgeForInitialDownload] Initial download nudge for Web Apps
2024-12-01 19:48:57.376: [INFO][SyncManagerImpl::NudgeForInitialDownload] Initial download nudge for Collection
2024-12-01 19:48:57.376: [INFO][SyncManagerImpl::NudgeForInitialDownload] Initial download nudge for Edge E Drop
2024-12-01 19:48:57.376: [INFO][SyncManagerImpl::NudgeForInitialDownload] Initial download nudge for Edge Hub App Usage
2024-12-01 19:48:57.376: [INFO][SyncManagerImpl::NudgeForInitialDownload] Initial download nudge for Edge Tab Group
2024-12-01 19:48:57.376: [INFO][SyncManagerImpl::NudgeForInitialDownload] Initial download nudge for Edge Wallet
2024-12-01 19:48:57.376: [INFO][SyncManagerImpl::ConfigureSyncer] Types to download:  with reason: 3
2024-12-01 19:48:57.376: [INFO][SyncEngineBackend::DoFinishConfigureDataTypes] Failed to download types:  and succeeded types: 
2024-12-01 19:48:57.376: [INFO][Sync] ConfigurationDone, failed: , succeeded: , remaining count: 3
2024-12-01 19:48:57.376: [WARN][Sync]     Reconfigure requested while configuration ongoing.
2024-12-01 19:48:57.376: [INFO][Sync] Configuring for: Bookmarks, Preferences, Passwords, Autofill Profiles, Autofill, Typed URLs, Extensions, Sessions, Extension settings, History Delete Directives, Device Info, User Consents, Send Tab To Self, Web Apps, Collection, Edge E Drop, Edge Hub App Usage, Edge Tab Group, Edge Wallet, Encryption Keys, reason: 5, current state: 2
2024-12-01 19:48:57.376: [INFO][Sync] Configure, desired: Bookmarks, Preferences, Passwords, Autofill Profiles, Autofill, Typed URLs, Extensions, Sessions, Extension settings, History Delete Directives, Device Info, User Consents, Send Tab To Self, Web Apps, Collection, Edge E Drop, Edge Hub App Usage, Edge Tab Group, Edge Wallet, Encryption Keys; Allow fail: 
2024-12-01 19:48:57.377: [INFO][Sync] Loading: Passwords
2024-12-01 19:48:57.377: [INFO][Sync] Loading: Autofill Profiles
2024-12-01 19:48:57.377: [INFO][Sync] Loading: Autofill
2024-12-01 19:48:57.377: [INFO][Sync] All data types are ready for configure.
2024-12-01 19:48:57.377: [INFO][SyncManagerImpl::NudgeForInitialDownload] Initial download nudge for Passwords
2024-12-01 19:48:57.377: [INFO][SyncManagerImpl::NudgeForInitialDownload] Initial download nudge for Autofill Profiles
2024-12-01 19:48:57.377: [INFO][SyncManagerImpl::NudgeForInitialDownload] Initial download nudge for Autofill
2024-12-01 19:48:57.377: [INFO][SyncManagerImpl::ConfigureSyncer] Types to download:  with reason: 5
2024-12-01 19:48:57.377: [INFO][SyncEngineBackend::DoFinishConfigureDataTypes] Failed to download types:  and succeeded types: 
2024-12-01 19:48:57.377: [INFO][Sync] ConfigurationDone, failed: , succeeded: , remaining count: 3
2024-12-01 19:48:57.377: [INFO][Sync] Prepare to configure types: Preferences, Passwords, Device Info, Send Tab To Self, Edge E Drop, Encryption Keys
2024-12-01 19:48:57.377: [INFO][SyncManagerImpl::ConfigureSyncer] Types to download: Preferences, Passwords, Device Info, Send Tab To Self, Edge E Drop, Encryption Keys with reason: 5
2024-12-01 19:48:57.377: [INFO][SyncSchedulerImpl::DoConfigurationSyncCycleJob] Blocked types:  and types to download: Preferences, Passwords, Device Info, Send Tab To Self, Edge E Drop, Encryption Keys
2024-12-01 19:48:58.280: [INFO][SyncEngineBackend::DoFinishConfigureDataTypes] Failed to download types:  and succeeded types: Preferences, Passwords, Device Info, Send Tab To Self, Edge E Drop, Encryption Keys
2024-12-01 19:48:58.466: [INFO][Sync] ConfigurationDone, failed: , succeeded: Preferences, Passwords, Device Info, Send Tab To Self, Edge E Drop, Encryption Keys, remaining count: 2
2024-12-01 19:48:58.466: [INFO][Sync] Prepare to configure types: Bookmarks, Encryption Keys
2024-12-01 19:48:58.466: [INFO][SyncManagerImpl::ConfigureSyncer] Types to download: Bookmarks, Encryption Keys with reason: 5
2024-12-01 19:48:58.466: [INFO][SyncSchedulerImpl::DoConfigurationSyncCycleJob] Blocked types:  and types to download: Bookmarks, Encryption Keys
2024-12-01 19:48:58.754: [INFO][SyncEngineBackend::DoFinishConfigureDataTypes] Failed to download types:  and succeeded types: Bookmarks, Encryption Keys
2024-12-01 19:48:58.755: [INFO][Sync] ConfigurationDone, failed: , succeeded: Bookmarks, Encryption Keys, remaining count: 1
2024-12-01 19:48:58.756: [INFO][Sync] Prepare to configure types: Autofill Profiles, Autofill, Typed URLs, Extensions, Sessions, Extension settings, History Delete Directives, Web Apps, Collection, Edge Hub App Usage, Edge Tab Group, Edge Wallet, Encryption Keys
2024-12-01 19:48:58.756: [INFO][SyncManagerImpl::ConfigureSyncer] Types to download: Autofill Profiles, Autofill, Typed URLs, Extensions, Sessions, Extension settings, History Delete Directives, Web Apps, Collection, Edge Hub App Usage, Edge Tab Group, Edge Wallet, Encryption Keys with reason: 5
2024-12-01 19:48:58.756: [INFO][SyncSchedulerImpl::DoConfigurationSyncCycleJob] Blocked types:  and types to download: Autofill Profiles, Autofill, Typed URLs, Extensions, Sessions, Extension settings, History Delete Directives, Web Apps, Collection, Edge Hub App Usage, Edge Tab Group, Edge Wallet, Encryption Keys
2024-12-01 19:48:59.515: [INFO][SyncEngineBackend::DoFinishConfigureDataTypes] Failed to download types:  and succeeded types: Autofill Profiles, Autofill, Typed URLs, Extensions, Sessions, Extension settings, History Delete Directives, Web Apps, Collection, Edge Hub App Usage, Edge Tab Group, Edge Wallet, Encryption Keys
2024-12-01 19:48:59.516: [INFO][Sync] ConfigurationDone, failed: , succeeded: Autofill Profiles, Autofill, Typed URLs, Extensions, Sessions, Extension settings, History Delete Directives, Web Apps, Collection, Edge Hub App Usage, Edge Tab Group, Edge Wallet, Encryption Keys, remaining count: 0
2024-12-01 19:48:59.516: [INFO][Sync]     Configuration completed, state: 7
2024-12-01 19:48:59.518: [INFO][Sync] Configured DataTypeManager: Ok
2024-12-01 19:48:59.519: [INFO][SyncEngineBackend::DoStartSyncing] Start syncing
2024-12-01 20:27:36.623: [INFO][Sync] SyncState after authenticated was: FeatureCanStart
2024-12-01 20:27:37.294: [INFO][Sync] Try to start sync engine
2024-12-01 20:27:37.298: [INFO][SyncManagerImpl::NudgeForInitialDownload] Initial download nudge for Encryption Keys
2024-12-01 20:27:37.298: [INFO][SyncEngineBackend::LoadAndConnectNigoriController] Load and connect Nigori controller
2024-12-01 20:27:37.298: [INFO][SyncEngineBackend::DoInitialize] Control Types added: Encryption Keys
2024-12-01 20:27:37.298: [INFO][SyncManagerImpl::ConfigureSyncer] Types to download: Encryption Keys with reason: 3
2024-12-01 20:27:37.298: [INFO][SyncSchedulerImpl::DoConfigurationSyncCycleJob] Configure job was blocked
2024-12-01 20:27:39.699: [INFO][SyncAuthManager::SetLastAuthError] Current auth error: None
2024-12-01 20:27:39.700: [INFO][SyncAuthManager::EdgeLogTokenErrorState] Token error with: None for account type: MSA
2024-12-01 20:27:39.700: [INFO][Sync] Credentials changed for: EdgeSyncKeyDataScope
2024-12-01 20:27:39.700: [INFO][SyncEngineBackend::DoUpdateKeyDataCredentials] Update key data credentials
2024-12-01 20:27:39.721: [INFO][SyncAuthManager::SetLastAuthError] Current auth error: None
2024-12-01 20:27:39.721: [INFO][SyncAuthManager::EdgeLogTokenErrorState] Token error with: None for account type: MSA
2024-12-01 20:27:39.721: [INFO][Sync] Credentials changed for: EdgeSyncScopeNew
2024-12-01 20:27:39.722: [INFO][SyncEngineBackend::DoUpdateCredentials] Update credentials
2024-12-01 20:27:39.722: [INFO][SyncEngineBackend::DoUpdateKeyDataCredentials] Update key data credentials
2024-12-01 20:27:39.722: [INFO][SyncSchedulerImpl::DoConfigurationSyncCycleJob] Blocked types:  and types to download: Encryption Keys
2024-12-01 20:27:40.278: [INFO][Sync] Started DataTypeManager configuration, reason: 4
2024-12-01 20:27:40.279: [INFO][Sync] Configuring for: Bookmarks, Preferences, Passwords, Autofill Profiles, Autofill, Typed URLs, Extensions, Sessions, Extension settings, History Delete Directives, Device Info, User Consents, Send Tab To Self, Web Apps, Collection, Edge E Drop, Edge Hub App Usage, Edge Tab Group, Edge Wallet, Encryption Keys, reason: 4, current state: 0
2024-12-01 20:27:40.284: [INFO][Sync] Configure, desired: Bookmarks, Preferences, Typed URLs, Extensions, Sessions, Extension settings, History Delete Directives, Device Info, User Consents, Send Tab To Self, Web Apps, Collection, Edge E Drop, Edge Hub App Usage, Edge Tab Group, Edge Wallet, Encryption Keys; Allow fail: Passwords, Autofill Profiles, Autofill
2024-12-01 20:27:40.285: [INFO][Sync] Loading: Bookmarks
2024-12-01 20:27:40.286: [INFO][Sync] Loading: Preferences
2024-12-01 20:27:40.286: [INFO][Sync] Loading: Typed URLs
2024-12-01 20:27:40.286: [INFO][Sync] Loading: Extensions
2024-12-01 20:27:40.288: [INFO][Sync] Loading: Sessions
2024-12-01 20:27:40.288: [INFO][Sync] Loading: Extension settings
2024-12-01 20:27:40.288: [INFO][Sync] Loading: History Delete Directives
2024-12-01 20:27:40.291: [INFO][Sync] Loading: Device Info
2024-12-01 20:27:40.291: [INFO][Sync] Loading: User Consents
2024-12-01 20:27:40.291: [INFO][Sync] Loading: Send Tab To Self
2024-12-01 20:27:40.291: [INFO][Sync] Loading: Web Apps
2024-12-01 20:27:40.291: [INFO][Sync] Loading: Collection
2024-12-01 20:27:40.291: [INFO][Sync] Loading: Edge E Drop
2024-12-01 20:27:40.291: [INFO][Sync] Loading: Edge Hub App Usage
2024-12-01 20:27:40.291: [INFO][Sync] Loading: Edge Tab Group
2024-12-01 20:27:40.291: [INFO][Sync] Loading: Edge Wallet
2024-12-01 20:27:40.304: [INFO][Sync] All data types are ready for configure.
2024-12-01 20:27:41.076: [INFO][Sync] Started DataTypeManager configuration, reason: 5
2024-12-01 20:27:41.076: [INFO][Sync] Configuring for: Bookmarks, Preferences, Passwords, Autofill Profiles, Autofill, Typed URLs, Extensions, Sessions, Extension settings, History Delete Directives, Device Info, User Consents, Send Tab To Self, Web Apps, Collection, Edge E Drop, Edge Hub App Usage, Edge Tab Group, Edge Wallet, Encryption Keys, reason: 5, current state: 1
2024-12-01 20:27:41.085: [INFO][SyncEngineBackend::DoStartConfiguration] Start configuration
2024-12-01 20:27:41.085: [INFO][SyncManagerImpl::ConfigureSyncer] Types to download:  with reason: 4
2024-12-01 20:27:41.085: [INFO][SyncEngineBackend::DoFinishConfigureDataTypes] Failed to download types:  and succeeded types: 
2024-12-01 20:27:41.087: [INFO][Sync] ConfigurationDone, failed: , succeeded: , remaining count: 3
2024-12-01 20:27:41.087: [WARN][Sync]     Reconfigure requested while configuration ongoing.
2024-12-01 20:27:41.087: [INFO][Sync] Configuring for: Bookmarks, Preferences, Passwords, Autofill Profiles, Autofill, Typed URLs, Extensions, Sessions, Extension settings, History Delete Directives, Device Info, User Consents, Send Tab To Self, Web Apps, Collection, Edge E Drop, Edge Hub App Usage, Edge Tab Group, Edge Wallet, Encryption Keys, reason: 5, current state: 2
2024-12-01 20:27:41.087: [INFO][Sync] Configure, desired: Bookmarks, Preferences, Passwords, Autofill Profiles, Autofill, Typed URLs, Extensions, Sessions, Extension settings, History Delete Directives, Device Info, User Consents, Send Tab To Self, Web Apps, Collection, Edge E Drop, Edge Hub App Usage, Edge Tab Group, Edge Wallet, Encryption Keys; Allow fail: 
2024-12-01 20:27:41.087: [INFO][Sync] Loading: Passwords
2024-12-01 20:27:41.087: [INFO][Sync] Loading: Autofill Profiles
2024-12-01 20:27:41.087: [INFO][Sync] Loading: Autofill
2024-12-01 20:27:41.088: [INFO][Sync] All data types are ready for configure.
2024-12-01 20:27:41.088: [INFO][SyncManagerImpl::NudgeForInitialDownload] Initial download nudge for Passwords
2024-12-01 20:27:41.088: [INFO][SyncManagerImpl::ConfigureSyncer] Types to download:  with reason: 5
2024-12-01 20:27:41.088: [INFO][SyncEngineBackend::DoFinishConfigureDataTypes] Failed to download types:  and succeeded types: 
2024-12-01 20:27:41.088: [INFO][Sync] ConfigurationDone, failed: , succeeded: , remaining count: 3
2024-12-01 20:27:41.088: [INFO][Sync] Prepare to configure types: Passwords, Encryption Keys
2024-12-01 20:27:41.088: [INFO][SyncManagerImpl::ConfigureSyncer] Types to download: Passwords, Encryption Keys with reason: 5
2024-12-01 20:27:41.088: [INFO][SyncSchedulerImpl::DoConfigurationSyncCycleJob] Blocked types:  and types to download: Passwords, Encryption Keys
2024-12-01 20:27:41.670: [INFO][SyncEngineBackend::DoFinishConfigureDataTypes] Failed to download types:  and succeeded types: Passwords, Encryption Keys
2024-12-01 20:27:41.672: [INFO][Sync] ConfigurationDone, failed: , succeeded: Passwords, Encryption Keys, remaining count: 2
2024-12-01 20:27:41.673: [INFO][SyncManagerImpl::ConfigureSyncer] Types to download:  with reason: 5
2024-12-01 20:27:41.673: [INFO][SyncEngineBackend::DoFinishConfigureDataTypes] Failed to download types:  and succeeded types: 
2024-12-01 20:27:41.674: [INFO][Sync] ConfigurationDone, failed: , succeeded: , remaining count: 1
2024-12-01 20:27:41.677: [INFO][SyncManagerImpl::ConfigureSyncer] Types to download:  with reason: 5
2024-12-01 20:27:41.677: [INFO][SyncEngineBackend::DoFinishConfigureDataTypes] Failed to download types:  and succeeded types: 
2024-12-01 20:27:41.677: [INFO][Sync] ConfigurationDone, failed: , succeeded: , remaining count: 0
2024-12-01 20:27:41.678: [INFO][Sync]     Configuration completed, state: 7
2024-12-01 20:27:41.681: [INFO][Sync] Configured DataTypeManager: Ok
2024-12-01 20:27:41.682: [INFO][SyncEngineBackend::DoStartSyncing] Start syncing
